Arguments: 
  C:\Program Files\nodejs\node.exe C:\Users\Lenovo\AppData\Roaming\npm\node_modules\yarn\bin\yarn.js serve

PATH: 
  C:\Program Files\Git\mingw64\bin;C:\Program Files\Git\usr\bin;C:\Users\Lenovo\bin;C:\Program Files (x86)\Common Files\Oracle\Java\javapath;C:\Program Files\Microsoft MPI\Bin;C:\ProgramData\Oracle\Java\javapath;C:\WINDOWS\system32;C:\WINDOWS;C:\WINDOWS\System32\Wbem;C:\WINDOWS\System32\WindowsPowerShell\v1.0;C:\Program Files\Microsoft SQL Server\120\Tools\Binn;C:\Program Files (x86)\Microsoft SQL Server\130\Tools\Binn;C:\Program Files\Microsoft SQL Server\130\Tools\Binn;C:\Program Files (x86)\Microsoft SQL Server\130\DTS\Binn;C:\Program Files\Microsoft SQL Server\130\DTS\Binn;C:\Program Files\Microsoft SQL Server\Client SDK\ODBC\130\Tools\Binn;C:\Program Files\Microsoft\Web Platform Installer;C:\Program Files\dotnet;C:\Program Files\Git\cmd;C:\Program Files (x86)\Microsoft SQL Server\Client SDK\ODBC\130\Tools\Binn;C:\Program Files (x86)\Microsoft SQL Server\140\Tools\Binn;C:\Program Files (x86)\Microsoft SQL Server\140\DTS\Binn;C:\Program Files (x86)\Microsoft SQL Server\140\Tools\Binn\ManagementStudio;C:\WINDOWS\System32\OpenSSH;C:\Program Files (x86)\ZeroTier\One;C:\Program Files (x86)\Git\cmd;C:\ProgramData\chocolatey\bin;C:\Program Files (x86)\NVIDIA Corporation\PhysX\Common;C:\Users\Lenovo\AppData\Roaming\npm;C:\Program Files\nodejs;C:\WINDOWS\system32;C:\WINDOWS;C:\WINDOWS\System32\Wbem;C:\WINDOWS\System32\WindowsPowerShell\v1.0;C:\WINDOWS\System32\OpenSSH;C:\MinGW\bin;C:\Users\Lenovo\AppData\Roaming\Python\Python37\Scripts;C:\Users\Lenovo\AppData\Roaming\Python\Python37;C:\Users\Lenovo\AppData\Local\Programs\Python\Python37\Scripts;C:\Users\Lenovo\AppData\Local\Programs\Python\Python37;C:\Program Files (x86)\Common Files\Oracle\Java\javapath;C:\Program Files\Microsoft MPI\Bin;C:\ProgramData\Oracle\Java\javapath;C:\WINDOWS\system32;C:\WINDOWS;C:\WINDOWS\System32\Wbem;C:\WINDOWS\System32\WindowsPowerShell\v1.0;C:\Program Files\Microsoft SQL Server\120\Tools\Binn;C:\Program Files (x86)\Microsoft SQL Server\130\Tools\Binn;C:\Program Files\Microsoft SQL Server\130\Tools\Binn;C:\Program Files (x86)\Microsoft SQL Server\130\DTS\Binn;C:\Program Files\Microsoft SQL Server\130\DTS\Binn;C:\Program Files\Microsoft SQL Server\Client SDK\ODBC\130\Tools\Binn;C:\Program Files\Microsoft\Web Platform Installer;C:\Program Files\dotnet;C:\Program Files\Git\cmd;C:\Program Files (x86)\Microsoft SQL Server\Client SDK\ODBC\130\Tools\Binn;C:\Program Files (x86)\Microsoft SQL Server\140\Tools\Binn;C:\Program Files (x86)\Microsoft SQL Server\140\DTS\Binn;C:\Program Files (x86)\Microsoft SQL Server\140\Tools\Binn\ManagementStu;C:\Users\Lenovo\AppData\Local\Programs\Microsoft VS Code\bin;C:\Users\Lenovo\AppData\Roaming\npm;C:\Users\Lenovo\AppData\Local\.meteor;C:\Program Files\MySQL\MySQL Utilities 1.3.5;C:\Python27;C:\Python27\Lib\site-packages;C:\Python27\Lib;C:\Python27\DLLs;C:\Python27\Lib\lib-tk;C:\Python27\Scripts";C:\Users\Lenovo\AppData\Local\Microsoft\WindowsApps

Yarn version: 
  1.5.1

Node version: 
  10.14.1

Platform: 
  win32 x64

npm manifest: 
  {
    "name": "decentralized-health-care",
    "version": "1.0.0",
    "description": "",
    "main": "server.js",
    "scripts": {
      "test": "echo \"Error: no test specified\" && exit 1",
      "start": "node server.js"
    },
    "keywords": [
      "node",
      "restful",
      "api"
    ],
    "author": "Mina Medhat",
    "license": "ISC",
    "dependencies": {
      "bcrypt": "^3.0.2",
      "body-parser": "^1.18.3",
      "chainode": "0.0.1",
      "cors": "^2.8.5",
      "dotenv": "^6.2.0",
      "express": "^4.16.4",
      "jsonwebtoken": "^8.4.0",
      "mongoose": "^5.4.5",
      "morgan": "^1.9.1",
      "multer": "^1.4.1"
    },
    "devDependencies": {
      "nodemon": "^1.18.6"
    }
  }

yarn manifest: 
  No manifest

Lockfile: 
  No lockfile

Trace: 
  Error: Command "serve" not found.
      at new MessageError (C:\Users\Lenovo\AppData\Roaming\npm\node_modules\yarn\lib\cli.js:186:110)
      at C:\Users\Lenovo\AppData\Roaming\npm\node_modules\yarn\lib\cli.js:87307:17
      at Generator.next (<anonymous>)
      at step (C:\Users\Lenovo\AppData\Roaming\npm\node_modules\yarn\lib\cli.js:98:30)
      at C:\Users\Lenovo\AppData\Roaming\npm\node_modules\yarn\lib\cli.js:116:14
      at new Promise (<anonymous>)
      at new F (C:\Users\Lenovo\AppData\Roaming\npm\node_modules\yarn\lib\cli.js:23451:28)
      at C:\Users\Lenovo\AppData\Roaming\npm\node_modules\yarn\lib\cli.js:95:12
      at runCommand (C:\Users\Lenovo\AppData\Roaming\npm\node_modules\yarn\lib\cli.js:87312:22)
      at Object.<anonymous> (C:\Users\Lenovo\AppData\Roaming\npm\node_modules\yarn\lib\cli.js:87412:14)
